This is e-pTeX, Version 3.14159265-p3.8.1-180226-2.6 (utf8.euc) (TeX Live 2018) (preloaded format=platex 2019.2.22)  7 JAN 2020 19:25
entering extended mode
 \write18 enabled.
 file:line:error style messages enabled.
 %&-line parsing enabled.
**report3-4.tex
(./report3-4.tex
pLaTeX2e <2018-12-01> (based on LaTeX2e <2018-12-01>)
(/opt/edu/texlive/2018/texmf-dist/tex/platex/base/jarticle.cls
Document Class: jarticle 2018/10/25 v1.8a Standard pLaTeX class
\c@@paper=\count83
(/opt/edu/texlive/2018/texmf-dist/tex/platex/base/jsize10.clo
File: jsize10.clo 2018/10/25 v1.8a Standard pLaTeX file (size option)
)
\c@part=\count84
\c@section=\count85
\c@subsection=\count86
\c@subsubsection=\count87
\c@paragraph=\count88
\c@subparagraph=\count89
\c@figure=\count90
\c@table=\count91
\abovecaptionskip=\skip41
\belowcaptionskip=\skip42
\symmincho=\mathgroup4
LaTeX Font Info:    Overwriting symbol font `mincho' in version `bold'
(Font)                  JY1/mc/m/n --> JY1/gt/m/n on input line 614.
\toclineskip=\dimen118
\@lnumwidth=\dimen119
\bibindent=\dimen120
\heisei=\count92
)
(/opt/edu/texlive/2018/texmf-dist/tex/latex/ascmac/ascmac.sty
Package: ascmac 2018/03/09 v2.0h ascmac wrapper (community edition) 

(/opt/edu/texlive/2018/texmf-dist/tex/latex/ascmac/tascmac.sty
Package: tascmac 2018/03/09 v2.0h ascmac package (community edition) 
\@savetbaselineshift=\dimen121
\@saveybaselineshift=\dimen122
\scb@x=\box43
\scscb@x=\box44
\@bw=\dimen123
\@nbox=\box45
\@nbody=\box46
\@scw=\dimen124
\ascmac@hoboxa=\box47
\ascmac@hoboxb=\box48
\@itemh=\dimen125
\@iboxpos=\toks15
\@iboxstr=\box49
\@bwsp=\box50
\@@bwsp=\box51
\@bcal=\count93
\shaderule=\dimen126
))
(/opt/edu/texlive/2018/texmf-dist/tex/latex/graphics/graphicx.sty
Package: graphicx 2017/06/01 v1.1a Enhanced LaTeX Graphics (DPC,SPQR)

(/opt/edu/texlive/2018/texmf-dist/tex/latex/graphics/keyval.sty
Package: keyval 2014/10/28 v1.15 key=value parser (DPC)
\KV@toks@=\toks16
)
(/opt/edu/texlive/2018/texmf-dist/tex/latex/graphics/graphics.sty
Package: graphics 2017/06/25 v1.2c Standard LaTeX Graphics (DPC,SPQR)

(/opt/edu/texlive/2018/texmf-dist/tex/latex/graphics/trig.sty
Package: trig 2016/01/03 v1.10 sin cos tan (DPC)
)
(/opt/edu/texlive/2018/texmf-dist/tex/latex/graphics-cfg/graphics.cfg
File: graphics.cfg 2016/06/04 v1.11 sample graphics configuration
)
Package graphics Info: Driver file: dvips.def on input line 99.

(/opt/edu/texlive/2018/texmf-dist/tex/latex/graphics-def/dvips.def
File: dvips.def 2017/06/20 v3.1d Graphics/color driver for dvips
))
\Gin@req@height=\dimen127
\Gin@req@width=\dimen128
)
(/opt/edu/texlive/2018/texmf-dist/tex/latex/tools/afterpage.sty
Package: afterpage 2014/10/28 v1.08 After-Page Package (DPC)
\AP@output=\toks17
\AP@partial=\box52
\AP@footins=\box53
)
(./report3-4.aux)
\openout1 = `report3-4.aux'.

LaTeX Font Info:    Checking defaults for OML/cmm/m/it on input line 46.
LaTeX Font Info:    ... okay on input line 46.
LaTeX Font Info:    Checking defaults for T1/cmr/m/n on input line 46.
LaTeX Font Info:    ... okay on input line 46.
LaTeX Font Info:    Checking defaults for OT1/cmr/m/n on input line 46.
LaTeX Font Info:    ... okay on input line 46.
LaTeX Font Info:    Checking defaults for OMS/cmsy/m/n on input line 46.
LaTeX Font Info:    ... okay on input line 46.
LaTeX Font Info:    Checking defaults for OMX/cmex/m/n on input line 46.
LaTeX Font Info:    ... okay on input line 46.
LaTeX Font Info:    Checking defaults for U/cmr/m/n on input line 46.
LaTeX Font Info:    ... okay on input line 46.
LaTeX Font Info:    Checking defaults for JY1/mc/m/n on input line 46.
LaTeX Font Info:    ... okay on input line 46.
LaTeX Font Info:    Checking defaults for JT1/mc/m/n on input line 46.
LaTeX Font Info:    ... okay on input line 46.
LaTeX Font Info:    External font `cmex10' loaded for size
(Font)              <12> on input line 47.
LaTeX Font Info:    External font `cmex10' loaded for size
(Font)              <8> on input line 47.
LaTeX Font Info:    External font `cmex10' loaded for size
(Font)              <6> on input line 47.
LaTeX Font Info:    Font shape `JT1/mc/bx/n' in size <14.4> not available
(Font)              Font shape `JT1/gt/m/n' tried instead on input line 49.
LaTeX Font Info:    Font shape `JY1/mc/bx/n' in size <14.4> not available
(Font)              Font shape `JY1/gt/m/n' tried instead on input line 49.
LaTeX Font Info:    External font `cmex10' loaded for size
(Font)              <7> on input line 77.
LaTeX Font Info:    External font `cmex10' loaded for size
(Font)              <5> on input line 77.
 [1

]
LaTeX Font Info:    Font shape `JT1/mc/bx/n' in size <12> not available
(Font)              Font shape `JT1/gt/m/n' tried instead on input line 112.
LaTeX Font Info:    Font shape `JY1/mc/bx/n' in size <12> not available
(Font)              Font shape `JY1/gt/m/n' tried instead on input line 112.
LaTeX Font Info:    Try loading font information for OMS+cmr on input line 114.


(/opt/edu/texlive/2018/texmf-dist/tex/latex/base/omscmr.fd
File: omscmr.fd 2014/09/29 v2.5h Standard LaTeX font definitions
)
LaTeX Font Info:    Font shape `OMS/cmr/m/n' in size <10> not available
(Font)              Font shape `OMS/cmsy/m/n' tried instead on input line 114.

Overfull \hbox (7.12373pt too wide) in paragraph at lines 117--118
[][]\OT1/cmtt/m/n/10 socket \JY1/mc/m/n/10 関数でソケ ッ トを作成し ， \OT1/cmt
t/m/n/10 connect \JY1/mc/m/n/10 関数を用いるために \OT1/cmtt/m/n/10 sockaddr_in
 \JY1/mc/m/n/10 構造体を \OT1/cmtt/m/n/10 sockaddr
 []

[2] [3] [4] [5] [6] [7] [8] [9] [10]
Overfull \hbox (481.72449pt too wide) in paragraph at lines 964--964
 []   \OT1/cmtt/m/n/10 130     sprintf(print_buf,"ID    : %d\n""Name  : %s\n""B
irth : %s\n""Addr  : %s\n""Com.  : %s\n", p->id, p->name, date_string(date, &p-
>birthday), p->home, p->comment);[] 
 []

[11]
Overfull \hbox (124.7276pt too wide) in paragraph at lines 964--964
 []   \OT1/cmtt/m/n/10 192   sprintf(buf,"%d,%s,%s,%s,%s",p->id,p->name,date_st
ring(date,&p->birthday),p->home,p->comment);[] 
 []

[12]
Overfull \hbox (492.2244pt too wide) in paragraph at lines 964--964
 []   \OT1/cmtt/m/n/10 225  if(strcmp(id, word) == 0||strcmp(p->name, word) == 
0||strcmp(date_string(date, &p->birthday), word) == 0||strcmp(p->home, word) ==
 0||strcmp(p->comment, word) == 0){[] 
 []

[13]
Overfull \hbox (24.97847pt too wide) in paragraph at lines 964--964
 []   \OT1/cmtt/m/n/10 307   if(column != 1 && column != 2 && column != 3 && co
lumn != 4 && column !=5){[] 
 []

[14]
Overfull \hbox (24.97847pt too wide) in paragraph at lines 964--964
 []   \OT1/cmtt/m/n/10 311   if(column == 1 || column == 2 || column == 3 || co
lumn == 4 || column ==5){[] 
 []

[15]
Overfull \hbox (0.90099pt too wide) in paragraph at lines 964--964
 []   \OT1/cmtt/m/n/10 382             another[l] = profile_data_store[l];     
        //\JY1/mc/m/n/10 コマンド \OT1/cmtt/m/n/10 D \JY1/mc/m/n/10 用
 []

[16]
Overfull \hbox (18.5765pt too wide) in paragraph at lines 964--964
 []   \OT1/cmtt/m/n/10 408     char *str3  = "%%P n    : CSV \JY1/mc/m/n/10 デ 
ータの先頭から \OT1/cmtt/m/n/10 n \JY1/mc/m/n/10 件表示 \OT1/cmtt/m/n/10 (n: 0 
- 99 ... n = 0\JY1/mc/m/n/10 ，
 []


Overfull \hbox (135.22751pt too wide) in paragraph at lines 964--964
 []   \OT1/cmtt/m/n/10 416     sprintf(help_buf,"%s%s%s%s%s%s%s%s%s%s\n",str1,s
tr2,str3,str4,str5,str6,str7,str8,str9,str10);[] 
 []


Overfull \hbox (129.97755pt too wide) in paragraph at lines 964--964
 []   \OT1/cmtt/m/n/10 436 if((*param>='a'&& *param<='z') || (*param>='A' && *p
aram<='Z') || (*param>='0' && *param<='9')) {[] 
 []

[17]
Overfull \hbox (40.72833pt too wide) in paragraph at lines 964--964
 []   \OT1/cmtt/m/n/10 452         if((param[i]>='a'&& param[i]<='z') || (param
[i]>='A' && param[i]<='Z')){[] 
 []

[18] [19]
Overfull \hbox (45.97829pt too wide) in paragraph at lines 964--964
 []   \OT1/cmtt/m/n/10 546         if(new_profile(&profile_data_store[profile_d
ata_nitems], line,fd)==NULL){[] 
 []

[20]
Overfull \hbox (77.47801pt too wide) in paragraph at lines 964--964
 []   \OT1/cmtt/m/n/10 592         if((new_sockfd = accept(sockfd,(struct socka
ddr*)&write_sa,&write_len))== -1) {[] 
 []

[21] [22] [23] [24] [25] [26] [27] (./report3-4.aux) ) 
Here is how much of TeX's memory you used:
 767 strings out of 494703
 9446 string characters out of 6180181
 85869 words of memory out of 5000000
 4662 multiletter control sequences out of 15000+600000
 13659 words of font info for 54 fonts, out of 8000000 for 9000
 14 hyphenation exceptions out of 8191
 25i,9n,20p,493b,389s stack positions out of 5000i,500n,10000p,200000b,80000s

Output written on report3-4.dvi (27 pages, 56452 bytes).
